<?xml version="1.0" encoding="UTF-8"?>
<!-- Generated by org.testng.reporters.JUnitReportReporter -->
<testsuite skipped="0" hostname="DESKTOP-69A82KC" name="com.jtaf.qa.test.LoginPageTest" tests="3" failures="0" timestamp="06 Mar 2021 16:08:15 GMT" time="54.255" errors="0">
  <testcase name="verifyLoginPageTitleTest" time="9.995" classname="com.jtaf.qa.test.LoginPageTest"/>
  <testcase name="verifyLoginPageHeaderTest" time="11.939" classname="com.jtaf.qa.test.LoginPageTest"/>
  <testcase name="verifyLoginTest" time="32.321" classname="com.jtaf.qa.test.LoginPageTest"/>
</testsuite> <!-- com.jtaf.qa.test.LoginPageTest -->
