<?xml version="1.0" encoding="UTF-8"?>
<!-- Generated by org.testng.reporters.JUnitReportReporter -->
<testsuite skipped="0" hostname="DESKTOP-69A82KC" name="com.jtaf.qa.test.LoginTest" tests="3" failures="0" timestamp="28 Feb 2021 07:33:31 GMT" time="30.499" errors="0">
  <testcase name="verifyloginPageTitleTest" time="5.000" classname="com.jtaf.qa.test.LoginTest"/>
  <testcase name="verifyloginPageHeaderTest" time="9.362" classname="com.jtaf.qa.test.LoginTest"/>
  <testcase name="verifyLoginTest" time="16.137" classname="com.jtaf.qa.test.LoginTest"/>
</testsuite> <!-- com.jtaf.qa.test.LoginTest -->
