<?xml version="1.0" encoding="UTF-8"?>
<!-- Generated by org.testng.reporters.JUnitReportReporter -->
<testsuite skipped="0" hostname="DESKTOP-69A82KC" name="com.jtaf.qa.test.LoginPageTest" tests="1" failures="0" timestamp="20 Mar 2021 07:07:03 GMT" time="26.119" errors="0">
  <testcase name="verifyLoginTest" time="26.119" classname="com.jtaf.qa.test.LoginPageTest"/>
</testsuite> <!-- com.jtaf.qa.test.LoginPageTest -->
