<?xml version="1.0" encoding="UTF-8"?>
<!-- Generated by org.testng.reporters.JUnitReportReporter -->
<testsuite skipped="0" hostname="DESKTOP-69A82KC" name="com.jtaf.qa.test.LoginPageTest" tests="2" failures="0" timestamp="27 Mar 2021 14:06:27 GMT" time="54.607" errors="0">
  <testcase name="verifyLoginTest" time="26.297" classname="com.jtaf.qa.test.LoginPageTest"/>
  <testcase name="verifyLoginTestUsingExcelData" time="28.310" classname="com.jtaf.qa.test.LoginPageTest"/>
</testsuite> <!-- com.jtaf.qa.test.LoginPageTest -->
