<?xml version="1.0" encoding="UTF-8"?>
<!-- Generated by org.testng.reporters.JUnitReportReporter -->
<testsuite skipped="0" hostname="DESKTOP-69A82KC" name="com.test.CustomerSearchTest" tests="1" failures="0" timestamp="05 Feb 2021 04:58:26 GMT" time="31.061" errors="0">
  <testcase name="verifyCustomerSearch" time="31.061" classname="com.test.CustomerSearchTest"/>
</testsuite> <!-- com.test.CustomerSearchTest -->
