<?xml version="1.0" encoding="UTF-8"?>
<!-- Generated by org.testng.reporters.JUnitReportReporter -->
<testsuite skipped="0" hostname="DESKTOP-69A82KC" name="com.jtaf.qa.test.HomePageTest" tests="1" failures="0" timestamp="20 Mar 2021 14:40:35 GMT" time="20.702" errors="0">
  <testcase name="verifyHomePageTest" time="20.702" classname="com.jtaf.qa.test.HomePageTest"/>
</testsuite> <!-- com.jtaf.qa.test.HomePageTest -->
