<?xml version="1.0" encoding="UTF-8"?>
<!-- Generated by org.testng.reporters.JUnitReportReporter -->
<testsuite skipped="0" hostname="DESKTOP-69A82KC" name="com.test.LoginTest" tests="3" failures="0" timestamp="05 Feb 2021 03:40:29 GMT" time="34.071" errors="0">
  <testcase name="verifyloginPageTitleTest" time="10.753" classname="com.test.LoginTest"/>
  <testcase name="verifyloginPageHeaderTest" time="7.445" classname="com.test.LoginTest"/>
  <testcase name="verifyLoginTest" time="15.873" classname="com.test.LoginTest"/>
</testsuite> <!-- com.test.LoginTest -->
