<?xml version="1.0" encoding="UTF-8"?>
<!-- Generated by org.testng.reporters.JUnitReportReporter -->
<testsuite skipped="0" hostname="DESKTOP-69A82KC" name="com.jtaf.qa.test.CustomerSearchPageTest" tests="1" failures="0" timestamp="20 Mar 2021 15:01:22 GMT" time="40.686" errors="0">
  <testcase name="verifyCustomerSearchTest" time="40.686" classname="com.jtaf.qa.test.CustomerSearchPageTest"/>
</testsuite> <!-- com.jtaf.qa.test.CustomerSearchPageTest -->
